2026-03-24 13:00:01,260 [INFO] === Начало обновления цен ===
2026-03-24 13:00:02,035 [INFO] ЛетягинЪ: цена не найдена, оставляем текущую
2026-03-24 13:00:07,967 [INFO] HolidayHall: цена не найдена, оставляем текущую
2026-03-24 13:00:08,962 [INFO] В Теме: цена не найдена, оставляем текущую
2026-03-24 13:00:10,943 [INFO] Hampton: цена не найдена, оставляем текущую
2026-03-24 13:00:14,722 [INFO] Times: цена не найдена, оставляем текущую
2026-03-24 13:00:15,612 [INFO] Некрасовская: цена не найдена, оставляем текущую
2026-03-24 13:00:18,085 [INFO] Найдены цены на рейсы: {'SU1602': 2700, 'DP421': 2389}
2026-03-24 13:00:18,086 [INFO] Рейс SU1602: ~4 265 ₽ → ~2 700 ₽
2026-03-24 13:00:18,086 [INFO] Рейс DP421: ~2 830 ₽ → ~2 389 ₽
2026-03-24 13:00:18,087 [INFO] HTML обновлён
2026-03-24 13:00:19,055 [INFO] Изменения запушены на GitHub
2026-03-24 13:00:19,055 [INFO] === Обновление завершено ===

2026-03-24 13:30:01,183 [INFO] === Начало обновления цен ===
2026-03-24 13:30:02,162 [INFO] ЛетягинЪ: цена не найдена, оставляем текущую
2026-03-24 13:30:06,050 [INFO] HolidayHall: цена не найдена, оставляем текущую
2026-03-24 13:30:06,867 [INFO] В Теме: цена не найдена, оставляем текущую
2026-03-24 13:30:08,848 [INFO] Hampton: цена не найдена, оставляем текущую
2026-03-24 13:30:11,440 [INFO] Times: цена не найдена, оставляем текущую
2026-03-24 13:30:12,658 [INFO] Некрасовская: цена не найдена, оставляем текущую
2026-03-24 13:30:14,874 [INFO] Найдены цены на рейсы: {'SU1602': 2700, 'DP421': 2389}
2026-03-24 13:30:14,876 [INFO] Цены не изменились, timestamp обновлён
2026-03-24 13:30:14,876 [INFO] === Обновление завершено ===

