2026-03-24 12:34:05,615 [INFO] === Начало обновления цен ===
2026-03-24 12:34:06,429 [INFO] ЛетягинЪ: цена не найдена, оставляем текущую
2026-03-24 12:34:10,732 [INFO] HolidayHall: цена не найдена, оставляем текущую
2026-03-24 12:34:11,717 [INFO] В Теме: цена не найдена, оставляем текущую
2026-03-24 12:34:13,071 [INFO] Hampton: цена не найдена, оставляем текущую
2026-03-24 12:34:14,991 [INFO] Times: цена не найдена, оставляем текущую
2026-03-24 12:34:16,283 [INFO] Некрасовская: цена не найдена, оставляем текущую
2026-03-24 12:34:18,024 [INFO] Найдены цены на рейсы: {'SU1602': 2700, 'DP421': 2389}
2026-03-24 12:34:18,025 [INFO] Цены не изменились, timestamp обновлён
2026-03-24 12:34:18,025 [INFO] === Обновление завершено ===

2026-03-24 12:34:40,172 [INFO] === Начало обновления цен ===
2026-03-24 12:34:41,389 [INFO] ЛетягинЪ: цена не найдена, оставляем текущую
2026-03-24 12:34:45,583 [INFO] HolidayHall: цена не найдена, оставляем текущую
2026-03-24 12:34:47,646 [INFO] В Теме: цена не найдена, оставляем текущую
2026-03-24 12:34:49,705 [INFO] Hampton: цена не найдена, оставляем текущую
2026-03-24 12:34:53,645 [INFO] Times: цена не найдена, оставляем текущую
2026-03-24 12:34:54,669 [INFO] Некрасовская: цена не найдена, оставляем текущую
2026-03-24 12:34:56,420 [INFO] Найдены цены на рейсы: {'SU1602': 2700, 'DP421': 2389}
2026-03-24 12:34:56,421 [INFO] Рейс SU1602: ~4 265 ₽ → ~2 700 ₽
2026-03-24 12:34:56,421 [INFO] Рейс DP421: ~2 830 ₽ → ~2 389 ₽
2026-03-24 12:34:56,422 [INFO] HTML обновлён
2026-03-24 12:34:57,400 [INFO] Изменения запушены на GitHub
2026-03-24 12:34:57,400 [INFO] === Обновление завершено ===

2026-03-24 13:00:01,260 [INFO] === Начало обновления цен ===
2026-03-24 13:00:02,035 [INFO] ЛетягинЪ: цена не найдена, оставляем текущую
2026-03-24 13:00:07,967 [INFO] HolidayHall: цена не найдена, оставляем текущую
2026-03-24 13:00:08,962 [INFO] В Теме: цена не найдена, оставляем текущую
2026-03-24 13:00:10,943 [INFO] Hampton: цена не найдена, оставляем текущую
2026-03-24 13:00:14,722 [INFO] Times: цена не найдена, оставляем текущую
2026-03-24 13:00:15,612 [INFO] Некрасовская: цена не найдена, оставляем текущую
2026-03-24 13:00:18,085 [INFO] Найдены цены на рейсы: {'SU1602': 2700, 'DP421': 2389}
2026-03-24 13:00:18,086 [INFO] Рейс SU1602: ~4 265 ₽ → ~2 700 ₽
2026-03-24 13:00:18,086 [INFO] Рейс DP421: ~2 830 ₽ → ~2 389 ₽
2026-03-24 13:00:18,087 [INFO] HTML обновлён
2026-03-24 13:00:19,055 [INFO] Изменения запушены на GitHub
2026-03-24 13:00:19,055 [INFO] === Обновление завершено ===

2026-03-24 13:30:01,183 [INFO] === Начало обновления цен ===
2026-03-24 13:30:02,162 [INFO] ЛетягинЪ: цена не найдена, оставляем текущую
2026-03-24 13:30:06,050 [INFO] HolidayHall: цена не найдена, оставляем текущую
2026-03-24 13:30:06,867 [INFO] В Теме: цена не найдена, оставляем текущую
2026-03-24 13:30:08,848 [INFO] Hampton: цена не найдена, оставляем текущую
2026-03-24 13:30:11,440 [INFO] Times: цена не найдена, оставляем текущую
2026-03-24 13:30:12,658 [INFO] Некрасовская: цена не найдена, оставляем текущую
2026-03-24 13:30:14,874 [INFO] Найдены цены на рейсы: {'SU1602': 2700, 'DP421': 2389}
2026-03-24 13:30:14,876 [INFO] Цены не изменились, timestamp обновлён
2026-03-24 13:30:14,876 [INFO] === Обновление завершено ===

2026-03-24 13:33:49,804 [INFO] === Начало обновления ===
2026-03-24 13:33:49,810 [INFO] Ищу цены Москва → Самара 09.04...
2026-03-24 13:33:57,886 [INFO] Туту туда: {'6R7': 2700}
2026-03-24 13:33:57,886 [INFO] Ищу цены Самара → Москва 12.04...
2026-03-24 13:34:01,970 [INFO] Цены не изменились
2026-03-24 13:34:01,970 [INFO] === Обновление завершено ===

2026-03-24 14:00:02,015 [INFO] === Начало обновления ===
2026-03-24 14:00:02,016 [INFO] Ищу цены Москва → Самара 09.04...
2026-03-24 14:00:02,210 [WARNING] Ошибка загрузки https://rasp.yandex.ru/search/plane/?fromId=c213&toId=c51&when=2026-04-09: <urlopen error [SSL: UNEXPECTED_EOF_WHILE_READING] EOF occurred in violation of protocol (_ssl.c:1000)>
2026-03-24 14:00:02,499 [WARNING] Ошибка загрузки https://avia.tutu.ru/f/Moskva/Samara/?date=09.04.2026: <urlopen error [SSL: UNEXPECTED_EOF_WHILE_READING] EOF occurred in violation of protocol (_ssl.c:1000)>
2026-03-24 14:00:02,499 [INFO] Ищу цены Самара → Москва 12.04...
2026-03-24 14:00:02,564 [WARNING] Ошибка загрузки https://rasp.yandex.ru/search/plane/?fromId=c51&toId=c213&when=2026-04-12: <urlopen error [SSL: UNEXPECTED_EOF_WHILE_READING] EOF occurred in violation of protocol (_ssl.c:1000)>
2026-03-24 14:00:02,652 [WARNING] Ошибка загрузки https://avia.tutu.ru/f/Samara/Moskva/?date=12.04.2026: <urlopen error [SSL: UNEXPECTED_EOF_WHILE_READING] EOF occurred in violation of protocol (_ssl.c:1000)>
2026-03-24 14:00:02,654 [INFO] Цены не изменились
2026-03-24 14:00:02,655 [INFO] === Обновление завершено ===

2026-03-24 14:30:01,820 [INFO] === Начало обновления ===
2026-03-24 14:30:01,822 [INFO] Ищу цены Москва → Самара 09.04...
2026-03-24 14:30:02,018 [WARNING] Ошибка загрузки https://rasp.yandex.ru/search/plane/?fromId=c213&toId=c51&when=2026-04-09: <urlopen error [SSL: UNEXPECTED_EOF_WHILE_READING] EOF occurred in violation of protocol (_ssl.c:1000)>
2026-03-24 14:30:02,164 [WARNING] Ошибка загрузки https://avia.tutu.ru/f/Moskva/Samara/?date=09.04.2026: <urlopen error [SSL: UNEXPECTED_EOF_WHILE_READING] EOF occurred in violation of protocol (_ssl.c:1000)>
2026-03-24 14:30:02,164 [INFO] Ищу цены Самара → Москва 12.04...
2026-03-24 14:30:02,212 [WARNING] Ошибка загрузки https://rasp.yandex.ru/search/plane/?fromId=c51&toId=c213&when=2026-04-12: <urlopen error [SSL: UNEXPECTED_EOF_WHILE_READING] EOF occurred in violation of protocol (_ssl.c:1000)>
2026-03-24 14:30:02,263 [WARNING] Ошибка загрузки https://avia.tutu.ru/f/Samara/Moskva/?date=12.04.2026: <urlopen error [SSL: UNEXPECTED_EOF_WHILE_READING] EOF occurred in violation of protocol (_ssl.c:1000)>
2026-03-24 14:30:02,265 [INFO] Цены не изменились
2026-03-24 14:30:02,266 [INFO] === Обновление завершено ===

